{
  "RSpec": {
    "coverage": {
      "/Users/baileykursar/Projects/week_4/bookmark_manager/spec/features/creating_links_spec.rb": [
        1,
        null,
        1,
        1,
        1,
        1,
        null,
        null,
        1,
        1,
        1,
        1,
        null,
        null
      ],
      "/Users/baileykursar/Projects/week_4/bookmark_manager/spec/features/filtering_links_spec.rb": [
        1,
        1,
        null,
        1,
        1,
        1,
        1,
        null,
        1,
        1,
        1,
        null,
        1,
        1,
        1,
        null,
        null
      ],
      "/Users/baileykursar/Projects/week_4/bookmark_manager/spec/features/web_helpers.rb": [
        1,
        3,
        3,
        3,
        3,
        3,
        3,
        3,
        3,
        3,
        3,
        3,
        null,
        null,
        1,
        2,
        2,
        2,
        2,
        2,
        null
      ],
      "/Users/baileykursar/Projects/week_4/bookmark_manager/spec/features/viewing_links_spec.rb": [
        1,
        null,
        1,
        1,
        1,
        1,
        1,
        null,
        null
      ]
    },
    "timestamp": 1493901129
  }
}
